{"numTotalTestSuites":2,"numPassedTestSuites":2,"numFailedTestSuites":0,"numPendingTestSuites":0,"numTotalTests":1,"numPassedTests":0,"numFailedTests":1,"numPendingTests":0,"numTodoTests":0,"startTime":1780964443846,"success":false,"testResults":[{"assertionResults":[{"ancestorTitles":["","App Component"],"fullName":" App Component renders without crashing","status":"failed","title":"renders without crashing","duration":31,"failureMessages":["useAuth must be used inside <AuthProvider>"],"location":{"line":256,"column":15}}],"startTime":1780964445409,"endTime":1780964445440,"status":"failed","message":"","name":"C:/Users/alsha/income-expense-system/client/src/tests/App.test.jsx"}]}
